
---- 2026-01-08T23:44:43+00:00 ----
METHOD: GET
HEADERS:
Array
(
    [Host] => localhost
    [Connection] => keep-alive
    [sec-ch-ua] => "Google Chrome";v="143", "Chromium";v="143", "Not A(Brand";v="24"
    [sec-ch-ua-mobile] => ?0
    [sec-ch-ua-platform] => "Windows"
    [Upgrade-Insecure-Requests] => 1
    [User-Agent] => Mozilla/5.0 (Windows NT 10.0; Win64; x64) AppleWebKit/537.36 (KHTML, like Gecko) Chrome/143.0.0.0 Safari/537.36
    [Accept] => text/html,application/xhtml+xml,application/xml;q=0.9,image/avif,image/webp,image/apng,*/*;q=0.8,application/signed-exchange;v=b3;q=0.7
    [Sec-Fetch-Site] => none
    [Sec-Fetch-Mode] => navigate
    [Sec-Fetch-User] => ?1
    [Sec-Fetch-Dest] => document
    [Accept-Encoding] => gzip, deflate, br, zstd
    [Accept-Language] => es-US,es-419;q=0.9,es;q=0.8
    [Cookie] => PHPSESSID=rcm2qe1hbq2prlkcmfcv6dce60
)

RAW_BODY (first 200 chars):


---- 2026-01-08T23:44:56+00:00 ----
METHOD: GET
HEADERS:
Array
(
    [Host] => localhost
    [Connection] => keep-alive
    [Pragma] => no-cache
    [Cache-Control] => no-cache
    [sec-ch-ua] => "Google Chrome";v="143", "Chromium";v="143", "Not A(Brand";v="24"
    [sec-ch-ua-mobile] => ?0
    [sec-ch-ua-platform] => "Windows"
    [Upgrade-Insecure-Requests] => 1
    [User-Agent] => Mozilla/5.0 (Windows NT 10.0; Win64; x64) AppleWebKit/537.36 (KHTML, like Gecko) Chrome/143.0.0.0 Safari/537.36
    [Accept] => text/html,application/xhtml+xml,application/xml;q=0.9,image/avif,image/webp,image/apng,*/*;q=0.8,application/signed-exchange;v=b3;q=0.7
    [Sec-Fetch-Site] => none
    [Sec-Fetch-Mode] => navigate
    [Sec-Fetch-User] => ?1
    [Sec-Fetch-Dest] => document
    [Accept-Encoding] => gzip, deflate, br, zstd
    [Accept-Language] => es-US,es-419;q=0.9,es;q=0.8
    [Cookie] => PHPSESSID=rcm2qe1hbq2prlkcmfcv6dce60
)

RAW_BODY (first 200 chars):


---- 2026-01-09T18:45:09+00:00 ----
METHOD: POST
HEADERS:
Array
(
    [User-Agent] => Mozilla/5.0 (Windows NT; Windows NT 10.0; es-MX) WindowsPowerShell/5.1.19041.6456
    [Content-Type] => application/json
    [Host] => localhost
    [Content-Length] => 113
    [Connection] => Keep-Alive
)

RAW_BODY (first 200 chars):
{"pacienteId":99999,"fechaHora":"2026-01-15 10:00:00","motivo":"Prueba desde assistant","especialidad":"GENERAL"}
